<?xml version="1.0" encoding="UTF-8"?>
<!-- Generated by org.testng.reporters.JUnitReportReporter -->
<testsuite hostname="DESKTOP-UFG51E6" failures="0" tests="1" name="qaclickacademy.ExtentReports.ExtentReportDemo" time="6.518" errors="0" timestamp="2021-03-05T22:26:32 CET" skipped="0">
  <testcase classname="qaclickacademy.ExtentReports.ExtentReportDemo" name="initialDemo" time="6.518"/>
  <system-out/>
</testsuite> <!-- qaclickacademy.ExtentReports.ExtentReportDemo -->
