<?xml version="1.0" encoding="UTF-8"?>
<!-- Generated by org.testng.reporters.JUnitReportReporter -->
<testsuite hostname="DESKTOP-UFG51E6" failures="0" tests="1" name="SeleniumTest" time="0.002" errors="0" timestamp="2021-03-04T22:20:21 CET" skipped="0">
  <testcase classname="SeleniumTest" name="elementsUi" time="0.002"/>
  <system-out/>
</testsuite> <!-- SeleniumTest -->
