<?xml version="1.0" encoding="UTF-8"?>
<!-- Generated by org.testng.reporters.JUnitReportReporter -->
<testsuite hostname="DESKTOP-UFG51E6" failures="0" tests="2" name="qaclickacademy.Mavenjava.RESTAPItestingTest" time="0.000" errors="0" timestamp="2021-03-04T22:20:21 CET" skipped="0">
  <testcase classname="qaclickacademy.Mavenjava.RESTAPItestingTest" name="deleteTwitter" time="0.000"/>
  <system-out/>
  <testcase classname="qaclickacademy.Mavenjava.RESTAPItestingTest" name="postJira" time="0.000"/>
  <system-out/>
</testsuite> <!-- qaclickacademy.Mavenjava.RESTAPItestingTest -->
